C:\Program Files (x86)\Microsoft Visual Studio\2019\Community\MSBuild\Microsoft\VC\v160\Microsoft.CppBuild.targets(491,5): warning MSB8028: The intermediate directory (Debug\) contains files shared from another project (ProjectPRPR2.vcxproj).  This can lead to incorrect clean and rebuild behavior.
  Source.c
C:\Users\29313\source\repos\ProjectPRPR2\ProjectPRPR2\Source.c(71,49): warning C4047: 'function': 'char **' differs in levels of indirection from 'char *'
C:\Users\29313\source\repos\ProjectPRPR2\ProjectPRPR2\Source.c(71,46): warning C4024: 'strtod': different types for formal and actual parameter 2
C:\Users\29313\source\repos\ProjectPRPR2\ProjectPRPR2\Source.c(133,71): warning C4033: 'p' must return a value
C:\Users\29313\source\repos\ProjectPRPR2\ProjectPRPR2\Source.c(156,41): warning C4033: 'p' must return a value
C:\Users\29313\source\repos\ProjectPRPR2\ProjectPRPR2\Source.c(203,21): warning C4013: 'tolower' undefined; assuming extern returning int
C:\Users\29313\source\repos\ProjectPRPR2\ProjectPRPR2\Source.c(205,21): warning C4020: 'strcat': too many actual parameters
C:\Users\29313\source\repos\ProjectPRPR2\ProjectPRPR2\Source.c(327,52): warning C4047: 'function': 'char *' differs in levels of indirection from 'char *[50]'
C:\Users\29313\source\repos\ProjectPRPR2\ProjectPRPR2\Source.c(327,45): warning C4024: 'strcpy': different types for formal and actual parameter 1
C:\Users\29313\source\repos\ProjectPRPR2\ProjectPRPR2\Source.c(328,73): warning C4047: 'function': 'char *' differs in levels of indirection from 'char *[50]'
C:\Users\29313\source\repos\ProjectPRPR2\ProjectPRPR2\Source.c(328,66): warning C4024: 'strcpy': different types for formal and actual parameter 1
C:\Users\29313\source\repos\ProjectPRPR2\ProjectPRPR2\Source.c(329,73): warning C4047: 'function': 'char *' differs in levels of indirection from 'char *[50]'
C:\Users\29313\source\repos\ProjectPRPR2\ProjectPRPR2\Source.c(329,66): warning C4024: 'strcpy': different types for formal and actual parameter 1
C:\Users\29313\source\repos\ProjectPRPR2\ProjectPRPR2\Source.c(332,39): warning C4047: 'function': 'char *' differs in levels of indirection from 'char *[50]'
C:\Users\29313\source\repos\ProjectPRPR2\ProjectPRPR2\Source.c(332,32): warning C4024: 'strcpy': different types for formal and actual parameter 1
C:\Users\29313\source\repos\ProjectPRPR2\ProjectPRPR2\Source.c(332,48): warning C4047: 'function': 'const char *' differs in levels of indirection from 'char *[50]'
C:\Users\29313\source\repos\ProjectPRPR2\ProjectPRPR2\Source.c(332,41): warning C4024: 'strcpy': different types for formal and actual parameter 2
C:\Users\29313\source\repos\ProjectPRPR2\ProjectPRPR2\Source.c(332,65): warning C4047: 'function': 'char *' differs in levels of indirection from 'char *[50]'
C:\Users\29313\source\repos\ProjectPRPR2\ProjectPRPR2\Source.c(332,58): warning C4024: 'strcpy': different types for formal and actual parameter 1
C:\Users\29313\source\repos\ProjectPRPR2\ProjectPRPR2\Source.c(332,74): warning C4047: 'function': 'const char *' differs in levels of indirection from 'char *[50]'
C:\Users\29313\source\repos\ProjectPRPR2\ProjectPRPR2\Source.c(332,67): warning C4024: 'strcpy': different types for formal and actual parameter 2
C:\Users\29313\source\repos\ProjectPRPR2\ProjectPRPR2\Source.c(332,91): warning C4047: 'function': 'char *' differs in levels of indirection from 'char *[50]'
C:\Users\29313\source\repos\ProjectPRPR2\ProjectPRPR2\Source.c(332,84): warning C4024: 'strcpy': different types for formal and actual parameter 1
C:\Users\29313\source\repos\ProjectPRPR2\ProjectPRPR2\Source.c(333,44): warning C4047: 'function': 'char *' differs in levels of indirection from 'char *[50]'
C:\Users\29313\source\repos\ProjectPRPR2\ProjectPRPR2\Source.c(333,37): warning C4024: 'strcpy': different types for formal and actual parameter 1
C:\Users\29313\source\repos\ProjectPRPR2\ProjectPRPR2\Source.c(333,53): warning C4047: 'function': 'const char *' differs in levels of indirection from 'char *[50]'
C:\Users\29313\source\repos\ProjectPRPR2\ProjectPRPR2\Source.c(333,46): warning C4024: 'strcpy': different types for formal and actual parameter 2
C:\Users\29313\source\repos\ProjectPRPR2\ProjectPRPR2\Source.c(333,70): warning C4047: 'function': 'char *' differs in levels of indirection from 'char *[50]'
C:\Users\29313\source\repos\ProjectPRPR2\ProjectPRPR2\Source.c(333,63): warning C4024: 'strcpy': different types for formal and actual parameter 1
C:\Users\29313\source\repos\ProjectPRPR2\ProjectPRPR2\Source.c(334,44): warning C4047: 'function': 'char *' differs in levels of indirection from 'char *[50]'
C:\Users\29313\source\repos\ProjectPRPR2\ProjectPRPR2\Source.c(334,37): warning C4024: 'strcpy': different types for formal and actual parameter 1
C:\Users\29313\source\repos\ProjectPRPR2\ProjectPRPR2\Source.c(340,9): warning C4477: 'printf' : format string '%s' requires an argument of type 'char *', but variadic argument 1 has type 'char **'
C:\Users\29313\source\repos\ProjectPRPR2\ProjectPRPR2\Source.c(340,9): warning C4477: 'printf' : format string '%s' requires an argument of type 'char *', but variadic argument 2 has type 'char **'
C:\Users\29313\source\repos\ProjectPRPR2\ProjectPRPR2\Source.c(340,9): warning C4477: 'printf' : format string '%s' requires an argument of type 'char *', but variadic argument 3 has type 'char **'
C:\Users\29313\source\repos\ProjectPRPR2\ProjectPRPR2\Source.c(197): warning C4715: 'p': not all control paths return a value
  ProjectPRPR2.vcxproj -> C:\Users\29313\source\repos\ProjectPRPR2\Debug\ProjectPRPRPRPRPRPRPRPRPRPRPRPRPR2.exe
